<?xml version="1.0" encoding="UTF-8"?>
<!-- Generated by org.testng.reporters.JUnitReportReporter -->
<testsuite hostname="DESKTOP-5EVK54D" failures="0" tests="1" name="basics.GetValuesFromJson" time="7.181" errors="0" timestamp="2023-03-19T07:19:06 IST" skipped="0">
  <testcase classname="basics.GetValuesFromJson" name="getListOfUsers" time="7.181"/>
  <system-out/>
</testsuite> <!-- basics.GetValuesFromJson -->
