<?xml version="1.0" encoding="UTF-8"?>
<!-- Generated by org.testng.reporters.JUnitReportReporter -->
<testsuite hostname="DESKTOP-5EVK54D" failures="0" tests="2" name="basics.FetchValuesFromJSON" time="3.732" errors="0" timestamp="2023-03-20T07:24:05 IST" skipped="0">
  <testcase classname="basics.FetchValuesFromJSON" name="printAllCourseTitleAndPrice" time="0.299"/>
  <system-out/>
  <testcase classname="basics.FetchValuesFromJSON" name="getValues" time="3.433"/>
  <system-out/>
</testsuite> <!-- basics.FetchValuesFromJSON -->
