<?xml version="1.0" encoding="UTF-8"?>
<!-- Generated by org.testng.reporters.JUnitReportReporter -->
<testsuite hostname="DESKTOP-5EVK54D" failures="0" tests="1" name="ecomapi.Login" time="10.674" errors="0" timestamp="2023-03-23T07:52:03 IST" skipped="0">
  <testcase classname="ecomapi.Login" name="loginToApp" time="10.674"/>
  <system-out/>
</testsuite> <!-- ecomapi.Login -->
