<?xml version="1.0" encoding="UTF-8"?>
<!-- Generated by org.testng.reporters.JUnitReportReporter -->
<testsuite hostname="DESKTOP-5EVK54D" failures="0" tests="1" name="serializationanddeserialization.CreateUser" time="7.514" errors="0" timestamp="2023-03-22T07:21:04 IST" skipped="0">
  <testcase classname="serializationanddeserialization.CreateUser" name="createUserInApp" time="7.514"/>
  <system-out/>
</testsuite> <!-- serializationanddeserialization.CreateUser -->
