<?xml version="1.0" encoding="UTF-8"?>
<!-- Generated by org.testng.reporters.JUnitReportReporter -->
<testsuite hostname="DESKTOP-5EVK54D" failures="0" tests="1" name="basics.POSTBodyFromOtherClass" time="8.829" errors="0" timestamp="2023-03-20T07:35:24 IST" skipped="0">
  <testcase classname="basics.POSTBodyFromOtherClass" name="createUser" time="8.829"/>
  <system-out/>
</testsuite> <!-- basics.POSTBodyFromOtherClass -->
