<?xml version="1.0" encoding="UTF-8"?>
<!-- Generated by org.testng.reporters.JUnitReportReporter -->
<testsuite hostname="DESKTOP-5EVK54D" failures="0" tests="1" name="basics.GET_User" time="5.099" errors="0" timestamp="2023-03-18T08:16:47 IST" skipped="0">
  <testcase classname="basics.GET_User" name="getSingleUser" time="5.099"/>
  <system-out/>
</testsuite> <!-- basics.GET_User -->
