<?xml version="1.0" encoding="UTF-8"?>
<!-- Generated by org.testng.reporters.JUnitReportReporter -->
<testsuite hostname="DESKTOP-5EVK54D" failures="0" tests="1" name="basics.FetchValueUsingJSONPath" time="7.236" errors="0" timestamp="2023-03-19T07:36:32 IST" skipped="0">
  <testcase classname="basics.FetchValueUsingJSONPath" name="getEmailValue" time="7.236"/>
  <system-out/>
</testsuite> <!-- basics.FetchValueUsingJSONPath -->
