<?xml version="1.0" encoding="UTF-8"?>
<!-- Generated by org.testng.reporters.JUnitReportReporter -->
<testsuite hostname="DESKTOP-5EVK54D" failures="0" tests="1" name="basics.GetListUsers" time="3.943" errors="0" timestamp="2023-03-17T08:45:15 IST" skipped="0">
  <testcase classname="basics.GetListUsers" name="getListOfUsers" time="3.943"/>
  <system-out/>
</testsuite> <!-- basics.GetListUsers -->
