<?xml version="1.0" encoding="UTF-8"?>
<!-- Generated by org.testng.reporters.JUnitReportReporter -->
<testsuite hostname="DESKTOP-5EVK54D" failures="0" tests="2" name="basics.APIChaining" time="14.453" errors="0" timestamp="2023-03-20T08:00:09 IST" skipped="0">
  <testcase classname="basics.APIChaining" name="createUser" time="12.658"/>
  <system-out/>
  <testcase classname="basics.APIChaining" name="getDetails" time="1.795"/>
  <system-out/>
</testsuite> <!-- basics.APIChaining -->
