<?xml version="1.0" encoding="UTF-8"?>
<!-- Generated by org.testng.reporters.JUnitReportReporter -->
<testsuite hostname="DESKTOP-5EVK54D" failures="0" tests="1" name="basics.POST_Request" time="5.425" errors="0" timestamp="2023-03-19T07:59:19 IST" skipped="0">
  <testcase classname="basics.POST_Request" name="createUser" time="5.425"/>
  <system-out/>
</testsuite> <!-- basics.POST_Request -->
